<?xml version="1.0" encoding="UTF-8" ?>
<testsuite tests="1" failures="0" name="com.jackerwang.upms.client.AppTest" time="0.002" errors="0" skipped="0">
  <properties>
    <property name="java.runtime.name" value="Java(TM) SE Runtime Environment"/>
    <property name="sun.boot.library.path" value="D:\Java_Tools\java8\jre\bin"/>
    <property name="java.vm.version" value="25.92-b14"/>
    <property name="java.vm.vendor" value="Oracle Corporation"/>
    <property name="maven.multiModuleProjectDirectory" value="D:\Java_Tools\MavenWorkSpace\jackerwang\jackerwang-upms\jackerwang-upms-client"/>
    <property name="java.vendor.url" value="http://java.oracle.com/"/>
    <property name="path.separator" value=";"/>
    <property name="guice.disable.misplaced.annotation.check" value="true"/>
    <property name="java.vm.name" value="Java HotSpot(TM) 64-Bit Server VM"/>
    <property name="file.encoding.pkg" value="sun.io"/>
    <property name="user.script" value=""/>
    <property name="user.country" value="CN"/>
    <property name="sun.java.launcher" value="SUN_STANDARD"/>
    <property name="sun.os.patch.level" value=""/>
    <property name="java.vm.specification.name" value="Java Virtual Machine Specification"/>
    <property name="user.dir" value="D:\Java_Tools\MavenWorkSpace\jackerwang\jackerwang-upms\jackerwang-upms-client"/>
    <property name="java.runtime.version" value="1.8.0_92-b14"/>
    <property name="java.awt.graphicsenv" value="sun.awt.Win32GraphicsEnvironment"/>
    <property name="java.endorsed.dirs" value="D:\Java_Tools\java8\jre\lib\endorsed"/>
    <property name="os.arch" value="amd64"/>
    <property name="java.io.tmpdir" value="C:\Users\Pin-Wang\AppData\Local\Temp\"/>
    <property name="line.separator" value="
"/>
    <property name="java.vm.specification.vendor" value="Oracle Corporation"/>
    <property name="user.variant" value=""/>
    <property name="os.name" value="Windows 10"/>
    <property name="classworlds.conf" value="D:\Java_Tools\MavenWorkSpace\.metadata\.plugins\org.eclipse.m2e.launching\launches\m2conf1344156391242705700.tmp"/>
    <property name="sun.jnu.encoding" value="GBK"/>
    <property name="java.library.path" value="D:\Java_Tools\java8\bin;C:\WINDOWS\Sun\Java\bin;C:\WINDOWS\system32;C:\WINDOWS;D:/Java_Tools/java8/bin/../jre/bin/server;D:/Java_Tools/java8/bin/../jre/bin;D:/Java_Tools/java8/bin/../jre/lib/amd64;D:\oracleClient;D:\Python2.7.9;D:\Python2.7.9\Scripts;D:\CPP_Tools\bin;D:\Java_Tools\java8\bin;C:\ProgramData\Oracle\Java\javapath;C:\WINDOWS\system32;C:\WINDOWS;C:\WINDOWS\System32\Wbem;C:\WINDOWS\System32\WindowsPowerShell\v1.0\;D:\Java_Tools\apache-maven-3.3.9-bin\apache-maven-3.3.9/bin;C:\Users\Pin-Wang\AppData\Local\atom\bin;D:\mysql-5.7.14-winx64\mysql-5.7.14-winx64\bin;D:\sqlite-dll-win64-x64-3160200;D:\sqlite-tools-win32-x86-3160200\sqlite-tools-win32-x86-3160200;D:\MongoDB\bin;D:\node6.10_setup;D:\SoftWare\TortoiseGit\bin;D:\Hadoop2.6.5\hadoop-2.6.5\hadoop-2.6.5\bin;D:\Hadoop2.6.5\hadoop-2.6.5\hadoop-2.6.5\sbin;D:\hbase-1.1.11-bin\hbase-1.1.11\bin;C:\Users\Pin-Wang\Desktop\rubygems-2.6.12\rubygems-2.6.12\bin;D:\zookeeper-3.5.2-alpha\zookeeper-3.5.2-alpha\bin;C:\Users\Pin-Wang\Desktop\sqoop-1.4.6.bin__hadoop-1.0.0\bin;C:\Users\Pin-Wang\AppData\Local\atom\bin;C:\Users\Pin-Wang\AppData\Local\Microsoft\WindowsApps;;I:\SoftWare\eclipse-java-mars-2-win32-x86_64\eclipse;;."/>
    <property name="java.specification.name" value="Java Platform API Specification"/>
    <property name="java.class.version" value="52.0"/>
    <property name="sun.management.compiler" value="HotSpot 64-Bit Tiered Compilers"/>
    <property name="os.version" value="10.0"/>
    <property name="user.home" value="C:\Users\Pin-Wang"/>
    <property name="user.timezone" value="Asia/Shanghai"/>
    <property name="java.awt.printerjob" value="sun.awt.windows.WPrinterJob"/>
    <property name="java.specification.version" value="1.8"/>
    <property name="file.encoding" value="UTF-8"/>
    <property name="user.name" value="Pin-Wang"/>
    <property name="java.class.path" value="/I:/SoftWare/eclipse-java-mars-2-win32-x86_64/eclipse/plugins/org.eclipse.m2e.maven.runtime_1.6.2.20150902-0001/jars/plexus-classworlds-2.5.2.jar"/>
    <property name="java.vm.specification.version" value="1.8"/>
    <property name="sun.arch.data.model" value="64"/>
    <property name="java.home" value="D:\Java_Tools\java8\jre"/>
    <property name="sun.java.command" value="org.codehaus.plexus.classworlds.launcher.Launcher -B -s D:\Java_Tools\apache-maven-3.3.9-bin\apache-maven-3.3.9\settings.xml\aliyun\settings.xml install"/>
    <property name="java.specification.vendor" value="Oracle Corporation"/>
    <property name="user.language" value="zh"/>
    <property name="awt.toolkit" value="sun.awt.windows.WToolkit"/>
    <property name="java.vm.info" value="mixed mode"/>
    <property name="java.version" value="1.8.0_92"/>
    <property name="java.ext.dirs" value="D:\Java_Tools\java8\jre\lib\ext;C:\WINDOWS\Sun\Java\lib\ext"/>
    <property name="sun.boot.class.path" value="D:\Java_Tools\java8\jre\lib\resources.jar;D:\Java_Tools\java8\jre\lib\rt.jar;D:\Java_Tools\java8\jre\lib\sunrsasign.jar;D:\Java_Tools\java8\jre\lib\jsse.jar;D:\Java_Tools\java8\jre\lib\jce.jar;D:\Java_Tools\java8\jre\lib\charsets.jar;D:\Java_Tools\java8\jre\lib\jfr.jar;D:\Java_Tools\java8\jre\classes"/>
    <property name="java.vendor" value="Oracle Corporation"/>
    <property name="maven.home" value="D:\Java_Tools\MavenWorkSpace\jackerwang\jackerwang-upms\jackerwang-upms-client\EMBEDDED"/>
    <property name="file.separator" value="\"/>
    <property name="java.vendor.url.bug" value="http://bugreport.sun.com/bugreport/"/>
    <property name="sun.cpu.endian" value="little"/>
    <property name="sun.io.unicode.encoding" value="UnicodeLittle"/>
    <property name="sun.desktop" value="windows"/>
    <property name="sun.cpu.isalist" value="amd64"/>
  </properties>
  <testcase classname="com.jackerwang.upms.client.AppTest" name="testApp" time="0.002"/>
</testsuite>